11:09:321.321 logback [main] INFO  c.s.bookstore.mapper.BookMapperTest -Starting BookMapperTest on DESKTOP-JMCPEBV with PID 24116 (started by Xiaobin in D:\bookstore)
11:09:325.325 logback [main] DEBUG c.s.bookstore.mapper.BookMapperTest -Running with Spring Boot v2.1.4.RELEASE, Spring v5.1.6.RELEASE
11:09:325.325 logback [main] INFO  c.s.bookstore.mapper.BookMapperTest -No active profile set, falling back to default profiles: default
11:09:810.810 logback [main] INFO  c.s.bookstore.mapper.BookMapperTest -Started BookMapperTest in 2.953 seconds (JVM running for 3.86)
11:09:374.374 logback [main] DEBUG c.s.b.m.B.findBookByCategory_COUNT -==>  Preparing: SELECT count(0) FROM book WHERE category = ? 
11:09:400.400 logback [main] DEBUG c.s.b.m.B.findBookByCategory_COUNT -==> Parameters: 文学(String)
11:09:503.503 logback [main] DEBUG c.s.b.m.B.findBookByCategory_COUNT -<==      Total: 1
11:09:506.506 logback [main] DEBUG c.s.b.m.B.findBookByCategory -==>  Preparing: SELECT * FROM book WHERE category = ? order by book_id limit ?,? 
11:09:507.507 logback [main] DEBUG c.s.b.m.B.findBookByCategory -==> Parameters: 文学(String), 0(Integer), 5(Integer)
11:09:523.523 logback [main] DEBUG c.s.b.m.B.findBookByCategory -<==      Total: 5
11:11:714.714 logback [main] INFO  c.s.bookstore.mapper.BookMapperTest -Starting BookMapperTest on DESKTOP-JMCPEBV with PID 22300 (started by Xiaobin in D:\bookstore)
11:11:715.715 logback [main] DEBUG c.s.bookstore.mapper.BookMapperTest -Running with Spring Boot v2.1.4.RELEASE, Spring v5.1.6.RELEASE
11:11:716.716 logback [main] INFO  c.s.bookstore.mapper.BookMapperTest -No active profile set, falling back to default profiles: default
11:11:92.092 logback [main] INFO  c.s.bookstore.mapper.BookMapperTest -Started BookMapperTest in 2.81 seconds (JVM running for 3.674)
11:11:570.570 logback [main] DEBUG c.s.b.m.B.findBookByCategory_COUNT -==>  Preparing: SELECT count(0) FROM book WHERE category = ? 
11:11:599.599 logback [main] DEBUG c.s.b.m.B.findBookByCategory_COUNT -==> Parameters: 文学(String)
11:11:638.638 logback [main] DEBUG c.s.b.m.B.findBookByCategory_COUNT -<==      Total: 1
11:11:641.641 logback [main] DEBUG c.s.b.m.B.findBookByCategory -==>  Preparing: SELECT * FROM book WHERE category = ? order by book_id limit ?,? 
11:11:642.642 logback [main] DEBUG c.s.b.m.B.findBookByCategory -==> Parameters: 文学(String), 0(Integer), 5(Integer)
11:11:656.656 logback [main] DEBUG c.s.b.m.B.findBookByCategory -<==      Total: 5
11:12:992.992 logback [main] INFO  c.s.bookstore.mapper.BookMapperTest -Starting BookMapperTest on DESKTOP-JMCPEBV with PID 20880 (started by Xiaobin in D:\bookstore)
11:12:993.993 logback [main] DEBUG c.s.bookstore.mapper.BookMapperTest -Running with Spring Boot v2.1.4.RELEASE, Spring v5.1.6.RELEASE
11:12:993.993 logback [main] INFO  c.s.bookstore.mapper.BookMapperTest -No active profile set, falling back to default profiles: default
11:12:259.259 logback [main] INFO  c.s.bookstore.mapper.BookMapperTest -Started BookMapperTest in 2.718 seconds (JVM running for 3.575)
11:12:746.746 logback [main] DEBUG c.s.b.m.B.findBookByCategory_COUNT -==>  Preparing: SELECT count(0) FROM book WHERE category = ? 
11:12:772.772 logback [main] DEBUG c.s.b.m.B.findBookByCategory_COUNT -==> Parameters: 文学(String)
11:12:807.807 logback [main] DEBUG c.s.b.m.B.findBookByCategory_COUNT -<==      Total: 1
11:12:810.810 logback [main] DEBUG c.s.b.m.B.findBookByCategory -==>  Preparing: SELECT * FROM book WHERE category = ? order by book_id limit ?,? 
11:12:811.811 logback [main] DEBUG c.s.b.m.B.findBookByCategory -==> Parameters: 文学(String), 0(Integer), 10(Integer)
11:12:826.826 logback [main] DEBUG c.s.b.m.B.findBookByCategory -<==      Total: 10
11:22:215.215 logback [main] INFO  c.s.bookstore.mapper.BookMapperTest -Starting BookMapperTest on DESKTOP-JMCPEBV with PID 26432 (started by Xiaobin in D:\bookstore)
11:22:215.215 logback [main] DEBUG c.s.bookstore.mapper.BookMapperTest -Running with Spring Boot v2.1.4.RELEASE, Spring v5.1.6.RELEASE
11:22:216.216 logback [main] INFO  c.s.bookstore.mapper.BookMapperTest -No active profile set, falling back to default profiles: default
11:22:837.837 logback [main] INFO  c.s.bookstore.mapper.BookMapperTest -Started BookMapperTest in 3.053 seconds (JVM running for 3.886)
11:22:326.326 logback [main] DEBUG c.s.b.m.B.findBookByCategory_COUNT -==>  Preparing: SELECT count(0) FROM book WHERE category = ? 
11:22:352.352 logback [main] DEBUG c.s.b.m.B.findBookByCategory_COUNT -==> Parameters: 文学(String)
11:22:386.386 logback [main] DEBUG c.s.b.m.B.findBookByCategory_COUNT -<==      Total: 1
11:22:389.389 logback [main] DEBUG c.s.b.m.B.findBookByCategory -==>  Preparing: SELECT * FROM book WHERE category = ? order by book_id limit ?,? 
11:22:390.390 logback [main] DEBUG c.s.b.m.B.findBookByCategory -==> Parameters: 文学(String), 0(Integer), 10(Integer)
11:22:405.405 logback [main] DEBUG c.s.b.m.B.findBookByCategory -<==      Total: 10
11:27:35.035 logback [main] INFO  c.s.bookstore.mapper.BookMapperTest -Starting BookMapperTest on DESKTOP-JMCPEBV with PID 2684 (started by Xiaobin in D:\bookstore)
11:27:36.036 logback [main] DEBUG c.s.bookstore.mapper.BookMapperTest -Running with Spring Boot v2.1.4.RELEASE, Spring v5.1.6.RELEASE
11:27:37.037 logback [main] INFO  c.s.bookstore.mapper.BookMapperTest -No active profile set, falling back to default profiles: default
11:27:296.296 logback [main] INFO  c.s.bookstore.mapper.BookMapperTest -Started BookMapperTest in 2.718 seconds (JVM running for 3.58)
11:27:837.837 logback [main] DEBUG c.s.b.m.B.findBookByCategory_COUNT -==>  Preparing: SELECT count(0) FROM book WHERE category = ? 
11:27:865.865 logback [main] DEBUG c.s.b.m.B.findBookByCategory_COUNT -==> Parameters: 文学(String)
11:27:903.903 logback [main] DEBUG c.s.b.m.B.findBookByCategory_COUNT -<==      Total: 1
11:27:905.905 logback [main] DEBUG c.s.b.m.B.findBookByCategory -==>  Preparing: SELECT * FROM book WHERE category = ? order by sale desc limit ?,? 
11:27:906.906 logback [main] DEBUG c.s.b.m.B.findBookByCategory -==> Parameters: 文学(String), 0(Integer), 10(Integer)
11:27:930.930 logback [main] DEBUG c.s.b.m.B.findBookByCategory -<==      Total: 10
11:29:763.763 logback [main] INFO  c.s.bookstore.mapper.BookMapperTest -Starting BookMapperTest on DESKTOP-JMCPEBV with PID 18980 (started by Xiaobin in D:\bookstore)
11:29:763.763 logback [main] DEBUG c.s.bookstore.mapper.BookMapperTest -Running with Spring Boot v2.1.4.RELEASE, Spring v5.1.6.RELEASE
11:29:764.764 logback [main] INFO  c.s.bookstore.mapper.BookMapperTest -No active profile set, falling back to default profiles: default
11:29:88.088 logback [main] INFO  c.s.bookstore.mapper.BookMapperTest -Started BookMapperTest in 2.742 seconds (JVM running for 3.562)
11:29:567.567 logback [main] DEBUG c.s.b.m.B.findBookByCategory_COUNT -==>  Preparing: SELECT count(0) FROM book WHERE category = ? 
11:29:592.592 logback [main] DEBUG c.s.b.m.B.findBookByCategory_COUNT -==> Parameters: 文学(String)
11:29:636.636 logback [main] DEBUG c.s.b.m.B.findBookByCategory_COUNT -<==      Total: 1
11:29:639.639 logback [main] DEBUG c.s.b.m.B.findBookByCategory -==>  Preparing: SELECT * FROM book WHERE category = ? order by sale desc limit ?,? 
11:29:639.639 logback [main] DEBUG c.s.b.m.B.findBookByCategory -==> Parameters: 文学(String), 690(Integer), 10(Integer)
11:29:665.665 logback [main] DEBUG c.s.b.m.B.findBookByCategory -<==      Total: 10
11:30:419.419 logback [main] INFO  c.s.bookstore.mapper.BookMapperTest -Starting BookMapperTest on DESKTOP-JMCPEBV with PID 22300 (started by Xiaobin in D:\bookstore)
11:30:419.419 logback [main] DEBUG c.s.bookstore.mapper.BookMapperTest -Running with Spring Boot v2.1.4.RELEASE, Spring v5.1.6.RELEASE
11:30:420.420 logback [main] INFO  c.s.bookstore.mapper.BookMapperTest -No active profile set, falling back to default profiles: default
11:30:716.716 logback [main] INFO  c.s.bookstore.mapper.BookMapperTest -Started BookMapperTest in 2.684 seconds (JVM running for 3.533)
11:30:186.186 logback [main] DEBUG c.s.b.m.B.findBookByCategory_COUNT -==>  Preparing: SELECT count(0) FROM book WHERE category = ? 
11:30:212.212 logback [main] DEBUG c.s.b.m.B.findBookByCategory_COUNT -==> Parameters: 文学(String)
11:30:250.250 logback [main] DEBUG c.s.b.m.B.findBookByCategory_COUNT -<==      Total: 1
11:30:253.253 logback [main] DEBUG c.s.b.m.B.findBookByCategory -==>  Preparing: SELECT * FROM book WHERE category = ? order by sale desc limit ?,? 
11:30:253.253 logback [main] DEBUG c.s.b.m.B.findBookByCategory -==> Parameters: 文学(String), 700(Integer), 10(Integer)
11:30:274.274 logback [main] DEBUG c.s.b.m.B.findBookByCategory -<==      Total: 7
11:58:517.517 logback [main] INFO  c.s.bookstore.mapper.BookMapperTest -Starting BookMapperTest on DESKTOP-JMCPEBV with PID 29060 (started by Xiaobin in D:\bookstore)
11:58:518.518 logback [main] DEBUG c.s.bookstore.mapper.BookMapperTest -Running with Spring Boot v2.1.4.RELEASE, Spring v5.1.6.RELEASE
11:58:518.518 logback [main] INFO  c.s.bookstore.mapper.BookMapperTest -No active profile set, falling back to default profiles: default
11:59:22.022 logback [main] INFO  c.s.bookstore.mapper.BookMapperTest -Started BookMapperTest in 2.902 seconds (JVM running for 3.743)
11:59:488.488 logback [main] DEBUG c.s.b.m.B.getBookCommentsById -==>  Preparing: select * from comment where book_id = ? 
11:59:515.515 logback [main] DEBUG c.s.b.m.B.getBookCommentsById -==> Parameters: B00112Y93U(String)
11:59:552.552 logback [main] DEBUG c.s.b.m.B.getBookCommentsById -<==      Total: 1
12:01:930.930 logback [main] INFO  c.s.bookstore.mapper.BookMapperTest -Starting BookMapperTest on DESKTOP-JMCPEBV with PID 4000 (started by Xiaobin in D:\bookstore)
12:01:931.931 logback [main] DEBUG c.s.bookstore.mapper.BookMapperTest -Running with Spring Boot v2.1.4.RELEASE, Spring v5.1.6.RELEASE
12:01:932.932 logback [main] INFO  c.s.bookstore.mapper.BookMapperTest -No active profile set, falling back to default profiles: default
12:01:360.360 logback [main] INFO  c.s.bookstore.mapper.BookMapperTest -Started BookMapperTest in 2.947 seconds (JVM running for 3.848)
12:01:817.817 logback [main] DEBUG c.s.b.m.B.getBookCommentsById -==>  Preparing: select * from comment where book_id = ? 
12:01:843.843 logback [main] DEBUG c.s.b.m.B.getBookCommentsById -==> Parameters: B00112Y93U(String)
12:01:899.899 logback [main] DEBUG c.s.b.m.B.getBookCommentsById -<==      Total: 1
